c:\users\hsi_2\hyperimager\x64\debug\hyperimager.pch
c:\users\hsi_2\hyperimager\x64\debug\vc142.pdb
c:\users\hsi_2\hyperimager\x64\debug\vc142.idb
c:\users\hsi_2\hyperimager\x64\debug\pch.obj
c:\users\hsi_2\hyperimager\x64\debug\picturectrl.obj
c:\users\hsi_2\hyperimager\x64\debug\hyperimagerdlg.obj
c:\users\hsi_2\hyperimager\x64\debug\hyperimager.obj
c:\users\hsi_2\hyperimager\x64\debug\ctabstream.obj
c:\users\hsi_2\hyperimager\x64\debug\ctabhypercube.obj
c:\users\hsi_2\hyperimager\x64\debug\ctabhardware.obj
c:\users\hsi_2\hyperimager\x64\debug\chartviewer.obj
c:\users\hsi_2\hyperimager\x64\debug\envi.obj
c:\users\hsi_2\hyperimager\x64\debug\hyperimager.exe
c:\users\hsi_2\hyperimager\x64\debug\hyperimager.ilk
c:\users\hsi_2\hyperimager\x64\debug\hyperimager.pdb
c:\users\hsi_2\hyperimager\x64\debug\hyperimager.res
c:\users\hsi_2\hyperimager\x64\debug\hyperimager.tlog\cl.command.1.tlog
c:\users\hsi_2\hyperimager\x64\debug\hyperimager.tlog\cl.read.1.tlog
c:\users\hsi_2\hyperimager\x64\debug\hyperimager.tlog\cl.write.1.tlog
c:\users\hsi_2\hyperimager\x64\debug\hyperimager.tlog\link.command.1.tlog
c:\users\hsi_2\hyperimager\x64\debug\hyperimager.tlog\link.read.1.tlog
c:\users\hsi_2\hyperimager\x64\debug\hyperimager.tlog\link.write.1.tlog
c:\users\hsi_2\hyperimager\x64\debug\hyperimager.tlog\rc.command.1.tlog
c:\users\hsi_2\hyperimager\x64\debug\hyperimager.tlog\rc.read.1.tlog
c:\users\hsi_2\hyperimager\x64\debug\hyperimager.tlog\rc.write.1.tlog
